2023-05-12 13:17:33.890 [restartedMain] INFO  com.tsxjava.tsx.TsxApplication - Starting TsxApplication using Java 17.0.5 with PID 6164 (C:\Users\Cloud\Desktop\Springboot\tsx\build\classes\java\main started by Cloud in C:\Users\Cloud\Desktop\Springboot\tsx)
2023-05-12 13:17:33.896 [restartedMain] INFO  com.tsxjava.tsx.TsxApplication - No active profile set, falling back to 1 default profile: "default"
2023-05-12 13:17:33.977 [restartedMain] INFO  o.s.b.d.e.DevToolsPropertyDefaultsPostProcessor - Devtools property defaults active! Set 'spring.devtools.add-properties' to 'false' to disable
2023-05-12 13:17:33.978 [restartedMain] INFO  o.s.b.d.e.DevToolsPropertyDefaultsPostProcessor - For additional web related logging consider setting the 'logging.level.web' property to 'DEBUG'
2023-05-12 13:17:35.392 [restartedMain] INFO  o.s.c.s.PostProcessorRegistrationDelegate$BeanPostProcessorChecker - Bean 'org.springframework.ws.config.annotation.DelegatingWsConfiguration' of type [org.springframework.ws.config.annotation.DelegatingWsConfiguration$$SpringCGLIB$$0] is not eligible for getting processed by all BeanPostProcessors (for example: not eligible for auto-proxying)
2023-05-12 13:17:35.424 [restartedMain] INFO  o.s.w.s.a.s.AnnotationActionEndpointMapping - Supporting [WS-Addressing August 2004, WS-Addressing 1.0]
2023-05-12 13:17:35.725 [restartedMain] INFO  o.s.b.w.e.tomcat.TomcatWebServer - Tomcat initialized with port(s): 8080 (http)
2023-05-12 13:17:35.735 [restartedMain] INFO  o.a.coyote.http11.Http11NioProtocol - Initializing ProtocolHandler ["http-nio-8080"]
2023-05-12 13:17:35.736 [restartedMain] INFO  o.a.catalina.core.StandardService - Starting service [Tomcat]
2023-05-12 13:17:35.736 [restartedMain] INFO  o.a.catalina.core.StandardEngine - Starting Servlet engine: [Apache Tomcat/10.1.8]
2023-05-12 13:17:35.818 [restartedMain] INFO  o.a.c.c.C.[Tomcat].[localhost].[/] - Initializing Spring embedded WebApplicationContext
2023-05-12 13:17:35.819 [restartedMain] INFO  o.s.b.w.s.c.ServletWebServerApplicationContext - Root WebApplicationContext: initialization completed in 1837 ms
2023-05-12 13:17:36.489 [restartedMain] INFO  o.s.b.d.a.OptionalLiveReloadServer - LiveReload server is running on port 35729
2023-05-12 13:17:36.499 [restartedMain] INFO  o.s.b.a.e.web.EndpointLinksResolver - Exposing 1 endpoint(s) beneath base path '/actuator'
2023-05-12 13:17:36.554 [restartedMain] INFO  o.a.coyote.http11.Http11NioProtocol - Starting ProtocolHandler ["http-nio-8080"]
2023-05-12 13:17:36.582 [restartedMain] INFO  o.s.b.w.e.tomcat.TomcatWebServer - Tomcat started on port(s): 8080 (http) with context path ''
2023-05-12 13:17:36.604 [restartedMain] INFO  com.tsxjava.tsx.TsxApplication - Started TsxApplication in 3.074 seconds (process running for 4.348)
2023-05-12 13:18:30.641 [restartedMain] INFO  com.tsxjava.tsx.TsxApplication - Starting TsxApplication using Java 17.0.5 with PID 16668 (C:\Users\Cloud\Desktop\Springboot\tsx\build\classes\java\main started by Cloud in C:\Users\Cloud\Desktop\Springboot\tsx)
2023-05-12 13:18:30.647 [restartedMain] INFO  com.tsxjava.tsx.TsxApplication - No active profile set, falling back to 1 default profile: "default"
2023-05-12 13:18:30.715 [restartedMain] INFO  o.s.b.d.e.DevToolsPropertyDefaultsPostProcessor - Devtools property defaults active! Set 'spring.devtools.add-properties' to 'false' to disable
2023-05-12 13:18:30.715 [restartedMain] INFO  o.s.b.d.e.DevToolsPropertyDefaultsPostProcessor - For additional web related logging consider setting the 'logging.level.web' property to 'DEBUG'
2023-05-12 13:18:32.168 [restartedMain] INFO  o.s.c.s.PostProcessorRegistrationDelegate$BeanPostProcessorChecker - Bean 'org.springframework.ws.config.annotation.DelegatingWsConfiguration' of type [org.springframework.ws.config.annotation.DelegatingWsConfiguration$$SpringCGLIB$$0] is not eligible for getting processed by all BeanPostProcessors (for example: not eligible for auto-proxying)
2023-05-12 13:18:32.195 [restartedMain] INFO  o.s.w.s.a.s.AnnotationActionEndpointMapping - Supporting [WS-Addressing August 2004, WS-Addressing 1.0]
2023-05-12 13:18:32.533 [restartedMain] INFO  o.s.b.w.e.tomcat.TomcatWebServer - Tomcat initialized with port(s): 8080 (http)
2023-05-12 13:18:32.541 [restartedMain] INFO  o.a.coyote.http11.Http11NioProtocol - Initializing ProtocolHandler ["http-nio-8080"]
2023-05-12 13:18:32.542 [restartedMain] INFO  o.a.catalina.core.StandardService - Starting service [Tomcat]
2023-05-12 13:18:32.543 [restartedMain] INFO  o.a.catalina.core.StandardEngine - Starting Servlet engine: [Apache Tomcat/10.1.8]
2023-05-12 13:18:32.610 [restartedMain] INFO  o.a.c.c.C.[Tomcat].[localhost].[/] - Initializing Spring embedded WebApplicationContext
2023-05-12 13:18:32.611 [restartedMain] INFO  o.s.b.w.s.c.ServletWebServerApplicationContext - Root WebApplicationContext: initialization completed in 1894 ms
2023-05-12 13:18:33.288 [restartedMain] INFO  o.s.b.d.a.OptionalLiveReloadServer - LiveReload server is running on port 35729
2023-05-12 13:18:33.295 [restartedMain] INFO  o.s.b.a.e.web.EndpointLinksResolver - Exposing 1 endpoint(s) beneath base path '/actuator'
2023-05-12 13:18:33.339 [restartedMain] INFO  o.a.coyote.http11.Http11NioProtocol - Starting ProtocolHandler ["http-nio-8080"]
2023-05-12 13:18:33.362 [restartedMain] INFO  o.s.b.w.e.tomcat.TomcatWebServer - Tomcat started on port(s): 8080 (http) with context path ''
2023-05-12 13:18:33.385 [restartedMain] INFO  com.tsxjava.tsx.TsxApplication - Started TsxApplication in 3.254 seconds (process running for 4.885)
2023-05-12 13:21:53.627 [restartedMain] INFO  com.tsxjava.tsx.TsxApplication - Starting TsxApplication using Java 17.0.5 with PID 18320 (C:\Users\Cloud\Desktop\Springboot\tsx\build\classes\java\main started by Cloud in C:\Users\Cloud\Desktop\Springboot\tsx)
2023-05-12 13:21:53.634 [restartedMain] INFO  com.tsxjava.tsx.TsxApplication - No active profile set, falling back to 1 default profile: "default"
2023-05-12 13:21:53.712 [restartedMain] INFO  o.s.b.d.e.DevToolsPropertyDefaultsPostProcessor - Devtools property defaults active! Set 'spring.devtools.add-properties' to 'false' to disable
2023-05-12 13:21:53.713 [restartedMain] INFO  o.s.b.d.e.DevToolsPropertyDefaultsPostProcessor - For additional web related logging consider setting the 'logging.level.web' property to 'DEBUG'
2023-05-12 13:21:54.987 [restartedMain] INFO  o.s.c.s.PostProcessorRegistrationDelegate$BeanPostProcessorChecker - Bean 'org.springframework.ws.config.annotation.DelegatingWsConfiguration' of type [org.springframework.ws.config.annotation.DelegatingWsConfiguration$$SpringCGLIB$$0] is not eligible for getting processed by all BeanPostProcessors (for example: not eligible for auto-proxying)
2023-05-12 13:21:55.020 [restartedMain] INFO  o.s.w.s.a.s.AnnotationActionEndpointMapping - Supporting [WS-Addressing August 2004, WS-Addressing 1.0]
2023-05-12 13:21:55.294 [restartedMain] INFO  o.s.b.w.e.tomcat.TomcatWebServer - Tomcat initialized with port(s): 8080 (http)
2023-05-12 13:21:55.303 [restartedMain] INFO  o.a.coyote.http11.Http11NioProtocol - Initializing ProtocolHandler ["http-nio-8080"]
2023-05-12 13:21:55.304 [restartedMain] INFO  o.a.catalina.core.StandardService - Starting service [Tomcat]
2023-05-12 13:21:55.305 [restartedMain] INFO  o.a.catalina.core.StandardEngine - Starting Servlet engine: [Apache Tomcat/10.1.8]
2023-05-12 13:21:55.367 [restartedMain] INFO  o.a.c.c.C.[Tomcat].[localhost].[/] - Initializing Spring embedded WebApplicationContext
2023-05-12 13:21:55.368 [restartedMain] INFO  o.s.b.w.s.c.ServletWebServerApplicationContext - Root WebApplicationContext: initialization completed in 1654 ms
2023-05-12 13:21:55.985 [restartedMain] INFO  o.s.b.d.a.OptionalLiveReloadServer - LiveReload server is running on port 35729
2023-05-12 13:21:55.993 [restartedMain] INFO  o.s.b.a.e.web.EndpointLinksResolver - Exposing 1 endpoint(s) beneath base path '/actuator'
2023-05-12 13:21:56.034 [restartedMain] INFO  o.a.coyote.http11.Http11NioProtocol - Starting ProtocolHandler ["http-nio-8080"]
2023-05-12 13:21:56.052 [restartedMain] INFO  o.s.b.w.e.tomcat.TomcatWebServer - Tomcat started on port(s): 8080 (http) with context path ''
2023-05-12 13:21:56.070 [restartedMain] INFO  com.tsxjava.tsx.TsxApplication - Started TsxApplication in 2.805 seconds (process running for 3.92)
2023-05-12 13:44:37.061 [restartedMain] INFO  com.tsxjava.tsx.TsxApplication - Starting TsxApplication using Java 17.0.5 with PID 12672 (C:\Users\Cloud\Desktop\Springboot\tsx\build\classes\java\main started by Cloud in C:\Users\Cloud\Desktop\Springboot\tsx)
2023-05-12 13:44:37.066 [restartedMain] INFO  com.tsxjava.tsx.TsxApplication - No active profile set, falling back to 1 default profile: "default"
2023-05-12 13:44:37.134 [restartedMain] INFO  o.s.b.d.e.DevToolsPropertyDefaultsPostProcessor - Devtools property defaults active! Set 'spring.devtools.add-properties' to 'false' to disable
2023-05-12 13:44:37.135 [restartedMain] INFO  o.s.b.d.e.DevToolsPropertyDefaultsPostProcessor - For additional web related logging consider setting the 'logging.level.web' property to 'DEBUG'
2023-05-12 13:44:38.980 [restartedMain] INFO  o.s.c.s.PostProcessorRegistrationDelegate$BeanPostProcessorChecker - Bean 'org.springframework.ws.config.annotation.DelegatingWsConfiguration' of type [org.springframework.ws.config.annotation.DelegatingWsConfiguration$$SpringCGLIB$$0] is not eligible for getting processed by all BeanPostProcessors (for example: not eligible for auto-proxying)
2023-05-12 13:44:39.046 [restartedMain] INFO  o.s.w.s.a.s.AnnotationActionEndpointMapping - Supporting [WS-Addressing August 2004, WS-Addressing 1.0]
2023-05-12 13:44:39.411 [restartedMain] INFO  o.s.b.w.e.tomcat.TomcatWebServer - Tomcat initialized with port(s): 8080 (http)
2023-05-12 13:44:39.425 [restartedMain] INFO  o.a.coyote.http11.Http11NioProtocol - Initializing ProtocolHandler ["http-nio-8080"]
2023-05-12 13:44:39.425 [restartedMain] INFO  o.a.catalina.core.StandardService - Starting service [Tomcat]
2023-05-12 13:44:39.426 [restartedMain] INFO  o.a.catalina.core.StandardEngine - Starting Servlet engine: [Apache Tomcat/10.1.8]
2023-05-12 13:44:39.518 [restartedMain] INFO  o.a.c.c.C.[Tomcat].[localhost].[/] - Initializing Spring embedded WebApplicationContext
2023-05-12 13:44:39.519 [restartedMain] INFO  o.s.b.w.s.c.ServletWebServerApplicationContext - Root WebApplicationContext: initialization completed in 2383 ms
2023-05-12 13:44:40.354 [restartedMain] INFO  o.s.b.d.a.OptionalLiveReloadServer - LiveReload server is running on port 35729
2023-05-12 13:44:40.362 [restartedMain] INFO  o.s.b.a.e.web.EndpointLinksResolver - Exposing 1 endpoint(s) beneath base path '/actuator'
2023-05-12 13:44:40.422 [restartedMain] INFO  o.a.coyote.http11.Http11NioProtocol - Starting ProtocolHandler ["http-nio-8080"]
2023-05-12 13:44:40.446 [restartedMain] INFO  o.s.b.w.e.tomcat.TomcatWebServer - Tomcat started on port(s): 8080 (http) with context path ''
2023-05-12 13:44:40.469 [restartedMain] INFO  com.tsxjava.tsx.TsxApplication - Started TsxApplication in 3.899 seconds (process running for 5.501)
